{"contracts\\BasicNFT.sol":{"l":{"16":0,"26":0,"27":0,"28":0,"37":0,"45":0},"path":"C:\\Users\\SNEHA MANDAL\\OneDrive\\Desktop\\ultimate-nft-project\\contracts\\BasicNFT.sol","s":{"1":0,"2":0,"3":0,"4":0},"b":{},"f":{"1":0,"2":0,"3":0,"4":0},"fnMap":{"1":{"name":"constructor","line":15,"loc":{"start":{"line":15,"column":4},"end":{"line":17,"column":4}}},"2":{"name":"mintNft","line":25,"loc":{"start":{"line":25,"column":4},"end":{"line":30,"column":4}}},"3":{"name":"tokenURI","line":36,"loc":{"start":{"line":36,"column":3},"end":{"line":38,"column":3}}},"4":{"name":"getTokenCounter","line":44,"loc":{"start":{"line":44,"column":3},"end":{"line":45,"column":26}}}},"statementMap":{"1":{"start":{"line":26,"column":8},"end":{"line":26,"column":44}},"2":{"start":{"line":28,"column":8},"end":{"line":28,"column":29}},"3":{"start":{"line":37,"column":4},"end":{"line":37,"column":20}},"4":{"start":{"line":45,"column":4},"end":{"line":45,"column":25}}},"branchMap":{}}}